f:\programming\projects\c++\dshtrainer\dshtrainer\debug\vc141.pdb
f:\programming\projects\c++\dshtrainer\dshtrainer\debug\vc141.idb
f:\programming\projects\c++\dshtrainer\dshtrainer\debug\player.obj
f:\programming\projects\c++\dshtrainer\dshtrainer\debug\entity.obj
f:\programming\projects\c++\dshtrainer\dshtrainer\debug\imgui_widgets.obj
f:\programming\projects\c++\dshtrainer\dshtrainer\debug\imgui_impl_win32.obj
f:\programming\projects\c++\dshtrainer\dshtrainer\debug\imgui_impl_dx9.obj
f:\programming\projects\c++\dshtrainer\dshtrainer\debug\imgui_draw.obj
f:\programming\projects\c++\dshtrainer\dshtrainer\debug\imgui_demo.obj
f:\programming\projects\c++\dshtrainer\dshtrainer\debug\imgui.obj
f:\programming\projects\c++\dshtrainer\dshtrainer\debug\speedhack.obj
f:\programming\projects\c++\dshtrainer\dshtrainer\debug\functions.obj
f:\programming\projects\c++\dshtrainer\dshtrainer\debug\dllmain.obj
f:\programming\projects\c++\dshtrainer\dshtrainer\debug\hooks.obj
f:\programming\projects\c++\dshtrainer\debug\dshtrainer.dll
f:\programming\projects\c++\dshtrainer\debug\dshtrainer.ilk
f:\programming\projects\c++\dshtrainer\debug\dshtrainer.pdb
f:\programming\projects\c++\dshtrainer\dshtrainer\debug\dshtrainer.tlog\cl.command.1.tlog
f:\programming\projects\c++\dshtrainer\dshtrainer\debug\dshtrainer.tlog\cl.read.1.tlog
f:\programming\projects\c++\dshtrainer\dshtrainer\debug\dshtrainer.tlog\cl.write.1.tlog
f:\programming\projects\c++\dshtrainer\dshtrainer\debug\dshtrainer.tlog\link.command.1.tlog
f:\programming\projects\c++\dshtrainer\dshtrainer\debug\dshtrainer.tlog\link.read.1.tlog
f:\programming\projects\c++\dshtrainer\dshtrainer\debug\dshtrainer.tlog\link.write.1.tlog
